<?xml version="1.0" encoding="UTF-8"?>
<!-- Generated by org.testng.reporters.JUnitXMLReporter -->
<testsuite ignored="0" hostname="DESKTOP-3IKC673" failures="0" tests="8" name="Test" time="13.14" errors="0" timestamp="2023-05-03T14:41:31 EET">
  <testcase classname="tests.TestCase" name="Testing0" time="1.985"/>
  <testcase classname="tests.TestCase" name="Testing1" time="1.917"/>
  <testcase classname="tests.TestCase" name="Testing2" time="0.451"/>
  <testcase classname="tests.TestCase" name="Testing3" time="1.055"/>
  <testcase classname="tests.TestCase" name="Testing4" time="0.465"/>
  <testcase classname="tests.TestCase" name="Testing5" time="2.187"/>
  <testcase classname="tests.TestCase" name="Testing6" time="2.729"/>
  <testcase classname="tests.TestCase" name="Testing7" time="2.145"/>
</testsuite> <!-- Test -->
