<?xml version="1.0" encoding="UTF-8"?>
<!-- Generated by org.testng.reporters.JUnitXMLReporter -->
<testsuite ignored="0" hostname="DESKTOP-3IKC673" failures="0" tests="8" name="Test" time="13.267" errors="0" timestamp="2023-05-04T17:15:43 EET">
  <testcase classname="tests.TestCase" name="Testing0" time="1.333"/>
  <testcase classname="tests.TestCase" name="Testing1" time="1.73"/>
  <testcase classname="tests.TestCase" name="Testing2" time="0.408"/>
  <testcase classname="tests.TestCase" name="Testing3" time="0.87"/>
  <testcase classname="tests.TestCase" name="Testing4" time="0.424"/>
  <testcase classname="tests.TestCase" name="Testing5" time="1.209"/>
  <testcase classname="tests.TestCase" name="Testing6" time="3.384"/>
  <testcase classname="tests.TestCase" name="Testing7" time="3.56"/>
</testsuite> <!-- Test -->
