<?xml version="1.0" encoding="UTF-8"?>
<testng-results ignored="0" total="8" passed="8" failed="0" skipped="0">
  <reporter-output>
  </reporter-output>
  <suite started-at="2023-05-03T14:34:16 EET" name="nopcommerce Suite" finished-at="2023-05-03T14:34:29 EET" duration-ms="13133">
    <groups>
      <group name="cucumber">
        <method signature="AbstractTestNGCucumberTests.runScenario(io.cucumber.testng.PickleWrapper,io.cucumber.testng.FeatureWrapper)[pri:0, instance:tests.TestCase@368247b9]" name="runScenario" class="io.cucumber.testng.AbstractTestNGCucumberTests"/>
      </group> <!-- cucumber -->
    </groups>
    <test started-at="2023-05-03T14:34:16 EET" name="Test" finished-at="2023-05-03T14:34:29 EET" duration-ms="13133">
      <class name="tests.TestCase">
        <test-method is-config="true" signature="startdriver(java.lang.String)[pri:0, instance:tests.TestCase@368247b9]" started-at="2023-05-03T14:34:11 EET" name="startdriver" finished-at="2023-05-03T14:34:16 EET" duration-ms="4853" status="PASS">
          <params>
            <param index="0">
              <value>
                <![CDATA[chrome]]>
              </value>
            </param>
          </params>
          <reporter-output>
          </reporter-output>
        </test-method> <!-- startdriver -->
        <test-method is-config="true" signature="setUpClass(org.testng.ITestContext)[pri:0, instance:tests.TestCase@368247b9]" started-at="2023-05-03T14:34:16 EET" name="setUpClass" finished-at="2023-05-03T14:34:17 EET" duration-ms="217" status="PASS">
          <params>
            <param index="0">
              <value>
                <![CDATA[org.testng.TestRunner@14a049f9]]>
              </value>
            </param>
          </params>
          <reporter-output>
          </reporter-output>
        </test-method> <!-- setUpClass -->
        <test-method signature="Testing0()[pri:0, instance:tests.TestCase@368247b9]" started-at="2023-05-03T14:34:17 EET" name="Testing0" finished-at="2023-05-03T14:34:18 EET" duration-ms="1455" status="PASS">
          <reporter-output>
          </reporter-output>
        </test-method> <!-- Testing0 -->
        <test-method is-config="true" signature="takescreenshot(org.testng.ITestResult)[pri:0, instance:tests.TestCase@368247b9]" started-at="2023-05-03T14:34:18 EET" name="takescreenshot" finished-at="2023-05-03T14:34:18 EET" duration-ms="0" status="PASS">
          <params>
            <param index="0">
              <value>
                <![CDATA[[TestResult name=Testing0 status=SUCCESS method=TestCase.Testing0()[pri:0, instance:tests.TestCase@368247b9] output={null}]]]>
              </value>
            </param>
          </params>
          <reporter-output>
          </reporter-output>
        </test-method> <!-- takescreenshot -->
        <test-method signature="Testing1()[pri:0, instance:tests.TestCase@368247b9]" started-at="2023-05-03T14:34:18 EET" name="Testing1" finished-at="2023-05-03T14:34:21 EET" depends-on-methods="tests.TestCase.Testing0" duration-ms="2512" status="PASS">
          <reporter-output>
          </reporter-output>
        </test-method> <!-- Testing1 -->
        <test-method is-config="true" signature="takescreenshot(org.testng.ITestResult)[pri:0, instance:tests.TestCase@368247b9]" started-at="2023-05-03T14:34:21 EET" name="takescreenshot" finished-at="2023-05-03T14:34:21 EET" duration-ms="0" status="PASS">
          <params>
            <param index="0">
              <value>
                <![CDATA[[TestResult name=Testing1 status=SUCCESS method=TestCase.Testing1()[pri:0, instance:tests.TestCase@368247b9] output={null}]]]>
              </value>
            </param>
          </params>
          <reporter-output>
          </reporter-output>
        </test-method> <!-- takescreenshot -->
        <test-method signature="Testing2()[pri:0, instance:tests.TestCase@368247b9]" started-at="2023-05-03T14:34:21 EET" name="Testing2" finished-at="2023-05-03T14:34:21 EET" depends-on-methods="tests.TestCase.Testing1" duration-ms="530" status="PASS">
          <reporter-output>
          </reporter-output>
        </test-method> <!-- Testing2 -->
        <test-method is-config="true" signature="takescreenshot(org.testng.ITestResult)[pri:0, instance:tests.TestCase@368247b9]" started-at="2023-05-03T14:34:21 EET" name="takescreenshot" finished-at="2023-05-03T14:34:21 EET" duration-ms="1" status="PASS">
          <params>
            <param index="0">
              <value>
                <![CDATA[[TestResult name=Testing2 status=SUCCESS method=TestCase.Testing2()[pri:0, instance:tests.TestCase@368247b9] output={null}]]]>
              </value>
            </param>
          </params>
          <reporter-output>
          </reporter-output>
        </test-method> <!-- takescreenshot -->
        <test-method signature="Testing3()[pri:0, instance:tests.TestCase@368247b9]" started-at="2023-05-03T14:34:21 EET" name="Testing3" finished-at="2023-05-03T14:34:22 EET" depends-on-methods="tests.TestCase.Testing2" duration-ms="1091" status="PASS">
          <reporter-output>
          </reporter-output>
        </test-method> <!-- Testing3 -->
        <test-method is-config="true" signature="takescreenshot(org.testng.ITestResult)[pri:0, instance:tests.TestCase@368247b9]" started-at="2023-05-03T14:34:22 EET" name="takescreenshot" finished-at="2023-05-03T14:34:22 EET" duration-ms="1" status="PASS">
          <params>
            <param index="0">
              <value>
                <![CDATA[[TestResult name=Testing3 status=SUCCESS method=TestCase.Testing3()[pri:0, instance:tests.TestCase@368247b9] output={null}]]]>
              </value>
            </param>
          </params>
          <reporter-output>
          </reporter-output>
        </test-method> <!-- takescreenshot -->
        <test-method signature="Testing4()[pri:0, instance:tests.TestCase@368247b9]" started-at="2023-05-03T14:34:22 EET" name="Testing4" finished-at="2023-05-03T14:34:23 EET" depends-on-methods="tests.TestCase.Testing3" duration-ms="504" status="PASS">
          <reporter-output>
          </reporter-output>
        </test-method> <!-- Testing4 -->
        <test-method is-config="true" signature="takescreenshot(org.testng.ITestResult)[pri:0, instance:tests.TestCase@368247b9]" started-at="2023-05-03T14:34:23 EET" name="takescreenshot" finished-at="2023-05-03T14:34:23 EET" duration-ms="0" status="PASS">
          <params>
            <param index="0">
              <value>
                <![CDATA[[TestResult name=Testing4 status=SUCCESS method=TestCase.Testing4()[pri:0, instance:tests.TestCase@368247b9] output={null}]]]>
              </value>
            </param>
          </params>
          <reporter-output>
          </reporter-output>
        </test-method> <!-- takescreenshot -->
        <test-method signature="Testing5()[pri:0, instance:tests.TestCase@368247b9]" started-at="2023-05-03T14:34:23 EET" name="Testing5" finished-at="2023-05-03T14:34:24 EET" depends-on-methods="tests.TestCase.Testing4" duration-ms="1387" status="PASS">
          <reporter-output>
          </reporter-output>
        </test-method> <!-- Testing5 -->
        <test-method is-config="true" signature="takescreenshot(org.testng.ITestResult)[pri:0, instance:tests.TestCase@368247b9]" started-at="2023-05-03T14:34:24 EET" name="takescreenshot" finished-at="2023-05-03T14:34:24 EET" duration-ms="0" status="PASS">
          <params>
            <param index="0">
              <value>
                <![CDATA[[TestResult name=Testing5 status=SUCCESS method=TestCase.Testing5()[pri:0, instance:tests.TestCase@368247b9] output={null}]]]>
              </value>
            </param>
          </params>
          <reporter-output>
          </reporter-output>
        </test-method> <!-- takescreenshot -->
        <test-method signature="Testing6()[pri:0, instance:tests.TestCase@368247b9]" started-at="2023-05-03T14:34:24 EET" name="Testing6" finished-at="2023-05-03T14:34:27 EET" depends-on-methods="tests.TestCase.Testing5" duration-ms="2962" status="PASS">
          <reporter-output>
          </reporter-output>
        </test-method> <!-- Testing6 -->
        <test-method is-config="true" signature="takescreenshot(org.testng.ITestResult)[pri:0, instance:tests.TestCase@368247b9]" started-at="2023-05-03T14:34:27 EET" name="takescreenshot" finished-at="2023-05-03T14:34:27 EET" duration-ms="0" status="PASS">
          <params>
            <param index="0">
              <value>
                <![CDATA[[TestResult name=Testing6 status=SUCCESS method=TestCase.Testing6()[pri:0, instance:tests.TestCase@368247b9] output={null}]]]>
              </value>
            </param>
          </params>
          <reporter-output>
          </reporter-output>
        </test-method> <!-- takescreenshot -->
        <test-method signature="Testing7()[pri:0, instance:tests.TestCase@368247b9]" started-at="2023-05-03T14:34:27 EET" name="Testing7" finished-at="2023-05-03T14:34:29 EET" depends-on-methods="tests.TestCase.Testing6" duration-ms="2408" status="PASS">
          <reporter-output>
          </reporter-output>
        </test-method> <!-- Testing7 -->
        <test-method is-config="true" signature="takescreenshot(org.testng.ITestResult)[pri:0, instance:tests.TestCase@368247b9]" started-at="2023-05-03T14:34:29 EET" name="takescreenshot" finished-at="2023-05-03T14:34:29 EET" duration-ms="0" status="PASS">
          <params>
            <param index="0">
              <value>
                <![CDATA[[TestResult name=Testing7 status=SUCCESS method=TestCase.Testing7()[pri:0, instance:tests.TestCase@368247b9] output={null}]]]>
              </value>
            </param>
          </params>
          <reporter-output>
          </reporter-output>
        </test-method> <!-- takescreenshot -->
        <test-method is-config="true" signature="tearDownClass()[pri:0, instance:tests.TestCase@368247b9]" started-at="2023-05-03T14:34:29 EET" name="tearDownClass" finished-at="2023-05-03T14:34:29 EET" duration-ms="7" status="PASS">
          <reporter-output>
          </reporter-output>
        </test-method> <!-- tearDownClass -->
        <test-method is-config="true" signature="closedriver()[pri:0, instance:tests.TestCase@368247b9]" started-at="2023-05-03T14:34:30 EET" name="closedriver" finished-at="2023-05-03T14:34:30 EET" duration-ms="0" status="PASS">
          <reporter-output>
          </reporter-output>
        </test-method> <!-- closedriver -->
      </class> <!-- tests.TestCase -->
    </test> <!-- Test -->
  </suite> <!-- nopcommerce Suite -->
</testng-results>
