<?xml version="1.0" encoding="UTF-8"?>
<!-- Generated by org.testng.reporters.JUnitXMLReporter -->
<testsuite ignored="0" hostname="DESKTOP-3IKC673" failures="0" tests="8" name="Test" time="13.133" errors="0" timestamp="2023-05-03T14:34:29 EET">
  <testcase classname="tests.TestCase" name="Testing0" time="1.455"/>
  <testcase classname="tests.TestCase" name="Testing1" time="2.512"/>
  <testcase classname="tests.TestCase" name="Testing2" time="0.53"/>
  <testcase classname="tests.TestCase" name="Testing3" time="1.091"/>
  <testcase classname="tests.TestCase" name="Testing4" time="0.504"/>
  <testcase classname="tests.TestCase" name="Testing5" time="1.387"/>
  <testcase classname="tests.TestCase" name="Testing6" time="2.962"/>
  <testcase classname="tests.TestCase" name="Testing7" time="2.408"/>
</testsuite> <!-- Test -->
